<?xml version="1.0" encoding="UTF-8"?>
<!-- Generated by org.testng.reporters.JUnitReportReporter -->
<testsuite skipped="0" hostname="TYSS-Prabhat" name="TestCase_001" tests="1" failures="0" timestamp="2023-08-14T12:37:22 IST" time="65.112" errors="0">
  <testcase name="launch" time="65.112" classname="TestCase_001"/>
  <system-out/>
</testsuite> <!-- TestCase_001 -->
