<?xml version="1.0" encoding="UTF-8"?>
<!-- Generated by org.testng.reporters.JUnitReportReporter -->
<testsuite skipped="0" hostname="TYSS-Prabhat" name="TC_002" tests="1" failures="0" timestamp="2023-08-16T12:22:04 IST" time="61.320" errors="0">
  <testcase name="launch" time="61.320" classname="TC_002"/>
  <system-out/>
</testsuite> <!-- TC_002 -->
