<?xml version="1.0" encoding="UTF-8"?>
<!-- Generated by org.testng.reporters.JUnitReportReporter -->
<testsuite skipped="0" hostname="TYSS-Prabhat" name="ZoomIn" tests="1" failures="0" timestamp="2023-08-11T12:54:32 IST" time="11.825" errors="0">
  <testcase name="launch" time="11.825" classname="ZoomIn"/>
  <system-out/>
</testsuite> <!-- ZoomIn -->
