<?xml version="1.0" encoding="UTF-8"?>
<!-- Generated by org.testng.reporters.JUnitReportReporter -->
<testsuite skipped="0" hostname="TYSS-Prabhat" name="AppLaunch" tests="1" failures="0" timestamp="2023-08-11T09:52:27 IST" time="7.493" errors="0">
  <testcase name="launch" time="7.493" classname="AppLaunch"/>
  <system-out/>
</testsuite> <!-- AppLaunch -->
