<?xml version="1.0" encoding="UTF-8"?>
<!-- Generated by org.testng.reporters.JUnitReportReporter -->
<testsuite skipped="0" hostname="TYSS-Prabhat" name="TapDemo" tests="1" failures="0" timestamp="2023-08-11T09:50:41 IST" time="13.828" errors="0">
  <testcase name="launch" time="13.828" classname="TapDemo"/>
  <system-out/>
</testsuite> <!-- TapDemo -->
