<?xml version="1.0" encoding="UTF-8"?>
<!-- Generated by org.testng.reporters.JUnitReportReporter -->
<testsuite skipped="0" hostname="TYSS-Prabhat" name="ParllelExe.Parameter_Demo" tests="1" failures="0" timestamp="2023-08-16T13:13:35 IST" time="11.792" errors="0">
  <testcase name="launch" time="11.792" classname="ParllelExe.Parameter_Demo"/>
  <system-out/>
</testsuite> <!-- ParllelExe.Parameter_Demo -->
