<?xml version="1.0" encoding="UTF-8"?>
<!-- Generated by org.testng.reporters.JUnitReportReporter -->
<testsuite skipped="0" hostname="TYSS-Prabhat" name="MoboleBrowserTest" tests="1" failures="0" timestamp="2023-08-16T10:56:23 IST" time="18.952" errors="0">
  <testcase name="launch" time="18.952" classname="MoboleBrowserTest"/>
  <system-out/>
</testsuite> <!-- MoboleBrowserTest -->
