<?xml version="1.0" encoding="UTF-8"?>
<!-- Generated by org.testng.reporters.JUnitReportReporter -->
<testsuite skipped="0" hostname="TYSS-Prabhat" name="DragDrop" tests="1" failures="0" timestamp="2023-08-13T09:34:06 IST" time="11.407" errors="0">
  <testcase name="launch" time="11.407" classname="DragDrop"/>
  <system-out/>
</testsuite> <!-- DragDrop -->
