<?xml version="1.0" encoding="UTF-8"?>
<!-- Generated by org.testng.reporters.JUnitReportReporter -->
<testsuite skipped="0" hostname="TYSS-Prabhat" name="ScrollByUiAutomatorSnippet" tests="1" failures="0" timestamp="2023-08-14T11:06:51 IST" time="17.337" errors="0">
  <testcase name="launch" time="17.337" classname="ScrollByUiAutomatorSnippet"/>
  <system-out/>
</testsuite> <!-- ScrollByUiAutomatorSnippet -->
