<?xml version="1.0" encoding="UTF-8"?>
<!-- Generated by org.testng.reporters.JUnitReportReporter -->
<testsuite skipped="0" hostname="TYSS-Prabhat" name="LongPressGesture" tests="1" failures="0" timestamp="2023-08-11T10:46:16 IST" time="19.563" errors="0">
  <testcase name="launch" time="19.563" classname="LongPressGesture"/>
  <system-out/>
</testsuite> <!-- LongPressGesture -->
