<?xml version="1.0" encoding="UTF-8"?>
<!-- Generated by org.testng.reporters.JUnitReportReporter -->
<testsuite skipped="0" hostname="TYSS-Prabhat" name="SwipeGestureTest" tests="1" failures="0" timestamp="2023-08-14T10:50:09 IST" time="14.476" errors="0">
  <testcase name="launch" time="14.476" classname="SwipeGestureTest"/>
  <system-out/>
</testsuite> <!-- SwipeGestureTest -->
